<?xml version="1.0" encoding="UTF-8"?>
<!-- Generated by org.testng.reporters.JUnitXMLReporter -->
<testsuite hostname="Tirumal-PC" ignored="0" name="Test" tests="17" failures="16" timestamp="04 Jul 2021 10:35:43 GMT" time="1174.483" errors="0">
  <testcase name="findbrlogin" time="2.359" classname="com.mobius.pagetest.HomePageTest"/>
  <testcase name="abourummypage" time="62.576" classname="com.mobius.pagetest.HomePageTest">
    <failure type="junit.framework.AssertionFailedError" message="expected:&amp;lt;0&amp;gt; but was:&amp;lt;6&amp;gt;">
      <![CDATA[junit.framework.AssertionFailedError: expected:<0> but was:<6>
at junit.framework.Assert.fail(Assert.java:57)
at junit.framework.Assert.failNotEquals(Assert.java:329)
at junit.framework.Assert.assertEquals(Assert.java:78)
at junit.framework.Assert.assertEquals(Assert.java:234)
at junit.framework.Assert.assertEquals(Assert.java:241)
at com.mobius.pagetest.HomePageTest.abourummypage(HomePageTest.java:60)
at java.util.concurrent.ThreadPoolExecutor.runWorker(Unknown Source)
at java.util.concurrent.ThreadPoolExecutor$Worker.run(Unknown Source)
at java.lang.Thread.run(Unknown Source)
... Removed 10 stack frames]]>
    </failure>
  </testcase> <!-- abourummypage -->
  <testcase name="howtoplayrummy" time="45.505" classname="com.mobius.pagetest.HomePageTest">
    <failure type="junit.framework.AssertionFailedError" message="expected:&amp;lt;0&amp;gt; but was:&amp;lt;6&amp;gt;">
      <![CDATA[junit.framework.AssertionFailedError: expected:<0> but was:<6>
at junit.framework.Assert.fail(Assert.java:57)
at junit.framework.Assert.failNotEquals(Assert.java:329)
at junit.framework.Assert.assertEquals(Assert.java:78)
at junit.framework.Assert.assertEquals(Assert.java:234)
at junit.framework.Assert.assertEquals(Assert.java:241)
at com.mobius.pagetest.HomePageTest.howtoplayrummy(HomePageTest.java:74)
at java.util.concurrent.ThreadPoolExecutor.runWorker(Unknown Source)
at java.util.concurrent.ThreadPoolExecutor$Worker.run(Unknown Source)
at java.lang.Thread.run(Unknown Source)
... Removed 10 stack frames]]>
    </failure>
  </testcase> <!-- howtoplayrummy -->
  <testcase name="ReferandEarn" time="48.566" classname="com.mobius.pagetest.HomePageTest">
    <failure type="junit.framework.AssertionFailedError" message="expected:&amp;lt;0&amp;gt; but was:&amp;lt;6&amp;gt;">
      <![CDATA[junit.framework.AssertionFailedError: expected:<0> but was:<6>
at junit.framework.Assert.fail(Assert.java:57)
at junit.framework.Assert.failNotEquals(Assert.java:329)
at junit.framework.Assert.assertEquals(Assert.java:78)
at junit.framework.Assert.assertEquals(Assert.java:234)
at junit.framework.Assert.assertEquals(Assert.java:241)
at com.mobius.pagetest.HomePageTest.ReferandEarn(HomePageTest.java:91)
at java.util.concurrent.ThreadPoolExecutor.runWorker(Unknown Source)
at java.util.concurrent.ThreadPoolExecutor$Worker.run(Unknown Source)
at java.lang.Thread.run(Unknown Source)
... Removed 10 stack frames]]>
    </failure>
  </testcase> <!-- ReferandEarn -->
  <testcase name="InstanCashBonus" time="148.84" classname="com.mobius.pagetest.HomePageTest">
    <failure type="junit.framework.AssertionFailedError" message="expected:&amp;lt;0&amp;gt; but was:&amp;lt;6&amp;gt;">
      <![CDATA[junit.framework.AssertionFailedError: expected:<0> but was:<6>
at junit.framework.Assert.fail(Assert.java:57)
at junit.framework.Assert.failNotEquals(Assert.java:329)
at junit.framework.Assert.assertEquals(Assert.java:78)
at junit.framework.Assert.assertEquals(Assert.java:234)
at junit.framework.Assert.assertEquals(Assert.java:241)
at com.mobius.pagetest.HomePageTest.InstanCashBonus(HomePageTest.java:106)
at java.util.concurrent.ThreadPoolExecutor.runWorker(Unknown Source)
at java.util.concurrent.ThreadPoolExecutor$Worker.run(Unknown Source)
at java.lang.Thread.run(Unknown Source)
... Removed 10 stack frames]]>
    </failure>
  </testcase> <!-- InstanCashBonus -->
  <testcase name="Depositsclick" time="40.905" classname="com.mobius.pagetest.HomePageTest">
    <failure type="junit.framework.AssertionFailedError" message="expected:&amp;lt;0&amp;gt; but was:&amp;lt;10&amp;gt;">
      <![CDATA[junit.framework.AssertionFailedError: expected:<0> but was:<10>
at junit.framework.Assert.fail(Assert.java:57)
at junit.framework.Assert.failNotEquals(Assert.java:329)
at junit.framework.Assert.assertEquals(Assert.java:78)
at junit.framework.Assert.assertEquals(Assert.java:234)
at junit.framework.Assert.assertEquals(Assert.java:241)
at com.mobius.pagetest.HomePageTest.Depositsclick(HomePageTest.java:122)
at java.util.concurrent.ThreadPoolExecutor.runWorker(Unknown Source)
at java.util.concurrent.ThreadPoolExecutor$Worker.run(Unknown Source)
at java.lang.Thread.run(Unknown Source)
... Removed 10 stack frames]]>
    </failure>
  </testcase> <!-- Depositsclick -->
  <testcase name="withdrawlclick" time="49.35" classname="com.mobius.pagetest.HomePageTest">
    <failure type="junit.framework.AssertionFailedError" message="expected:&amp;lt;0&amp;gt; but was:&amp;lt;6&amp;gt;">
      <![CDATA[junit.framework.AssertionFailedError: expected:<0> but was:<6>
at junit.framework.Assert.fail(Assert.java:57)
at junit.framework.Assert.failNotEquals(Assert.java:329)
at junit.framework.Assert.assertEquals(Assert.java:78)
at junit.framework.Assert.assertEquals(Assert.java:234)
at junit.framework.Assert.assertEquals(Assert.java:241)
at com.mobius.pagetest.HomePageTest.withdrawlclick(HomePageTest.java:137)
at java.util.concurrent.ThreadPoolExecutor.runWorker(Unknown Source)
at java.util.concurrent.ThreadPoolExecutor$Worker.run(Unknown Source)
at java.lang.Thread.run(Unknown Source)
... Removed 10 stack frames]]>
    </failure>
  </testcase> <!-- withdrawlclick -->
  <testcase name="LoyalityProgram" time="87.91" classname="com.mobius.pagetest.HomePageTest">
    <failure type="junit.framework.AssertionFailedError" message="expected:&amp;lt;0&amp;gt; but was:&amp;lt;6&amp;gt;">
      <![CDATA[junit.framework.AssertionFailedError: expected:<0> but was:<6>
at junit.framework.Assert.fail(Assert.java:57)
at junit.framework.Assert.failNotEquals(Assert.java:329)
at junit.framework.Assert.assertEquals(Assert.java:78)
at junit.framework.Assert.assertEquals(Assert.java:234)
at junit.framework.Assert.assertEquals(Assert.java:241)
at com.mobius.pagetest.HomePageTest.LoyalityProgram(HomePageTest.java:152)
at java.util.concurrent.ThreadPoolExecutor.runWorker(Unknown Source)
at java.util.concurrent.ThreadPoolExecutor$Worker.run(Unknown Source)
at java.lang.Thread.run(Unknown Source)
... Removed 10 stack frames]]>
    </failure>
  </testcase> <!-- LoyalityProgram -->
  <testcase name="Allofferspage" time="40.703" classname="com.mobius.pagetest.HomePageTest">
    <failure type="junit.framework.AssertionFailedError" message="expected:&amp;lt;0&amp;gt; but was:&amp;lt;6&amp;gt;">
      <![CDATA[junit.framework.AssertionFailedError: expected:<0> but was:<6>
at junit.framework.Assert.fail(Assert.java:57)
at junit.framework.Assert.failNotEquals(Assert.java:329)
at junit.framework.Assert.assertEquals(Assert.java:78)
at junit.framework.Assert.assertEquals(Assert.java:234)
at junit.framework.Assert.assertEquals(Assert.java:241)
at com.mobius.pagetest.HomePageTest.Allofferspage(HomePageTest.java:167)
at java.util.concurrent.ThreadPoolExecutor.runWorker(Unknown Source)
at java.util.concurrent.ThreadPoolExecutor$Worker.run(Unknown Source)
at java.lang.Thread.run(Unknown Source)
... Removed 10 stack frames]]>
    </failure>
  </testcase> <!-- Allofferspage -->
  <testcase name="Clubhousepage" time="47.558" classname="com.mobius.pagetest.HomePageTest">
    <failure type="junit.framework.AssertionFailedError" message="expected:&amp;lt;0&amp;gt; but was:&amp;lt;6&amp;gt;">
      <![CDATA[junit.framework.AssertionFailedError: expected:<0> but was:<6>
at junit.framework.Assert.fail(Assert.java:57)
at junit.framework.Assert.failNotEquals(Assert.java:329)
at junit.framework.Assert.assertEquals(Assert.java:78)
at junit.framework.Assert.assertEquals(Assert.java:234)
at junit.framework.Assert.assertEquals(Assert.java:241)
at com.mobius.pagetest.HomePageTest.Clubhousepage(HomePageTest.java:183)
at java.util.concurrent.ThreadPoolExecutor.runWorker(Unknown Source)
at java.util.concurrent.ThreadPoolExecutor$Worker.run(Unknown Source)
at java.lang.Thread.run(Unknown Source)
... Removed 10 stack frames]]>
    </failure>
  </testcase> <!-- Clubhousepage -->
  <testcase name="specialOfferspage" time="45.904" classname="com.mobius.pagetest.HomePageTest">
    <failure type="junit.framework.AssertionFailedError" message="expected:&amp;lt;0&amp;gt; but was:&amp;lt;6&amp;gt;">
      <![CDATA[junit.framework.AssertionFailedError: expected:<0> but was:<6>
at junit.framework.Assert.fail(Assert.java:57)
at junit.framework.Assert.failNotEquals(Assert.java:329)
at junit.framework.Assert.assertEquals(Assert.java:78)
at junit.framework.Assert.assertEquals(Assert.java:234)
at junit.framework.Assert.assertEquals(Assert.java:241)
at com.mobius.pagetest.HomePageTest.specialOfferspage(HomePageTest.java:198)
at java.util.concurrent.ThreadPoolExecutor.runWorker(Unknown Source)
at java.util.concurrent.ThreadPoolExecutor$Worker.run(Unknown Source)
at java.lang.Thread.run(Unknown Source)
... Removed 10 stack frames]]>
    </failure>
  </testcase> <!-- specialOfferspage -->
  <testcase name="NoDepostbonuspage" time="44.465" classname="com.mobius.pagetest.HomePageTest">
    <failure type="junit.framework.AssertionFailedError" message="expected:&amp;lt;0&amp;gt; but was:&amp;lt;6&amp;gt;">
      <![CDATA[junit.framework.AssertionFailedError: expected:<0> but was:<6>
at junit.framework.Assert.fail(Assert.java:57)
at junit.framework.Assert.failNotEquals(Assert.java:329)
at junit.framework.Assert.assertEquals(Assert.java:78)
at junit.framework.Assert.assertEquals(Assert.java:234)
at junit.framework.Assert.assertEquals(Assert.java:241)
at com.mobius.pagetest.HomePageTest.NoDepostbonuspage(HomePageTest.java:212)
at java.util.concurrent.ThreadPoolExecutor.runWorker(Unknown Source)
at java.util.concurrent.ThreadPoolExecutor$Worker.run(Unknown Source)
at java.lang.Thread.run(Unknown Source)
... Removed 10 stack frames]]>
    </failure>
  </testcase> <!-- NoDepostbonuspage -->
  <testcase name="FirstDepostbonuspage" time="35.918" classname="com.mobius.pagetest.HomePageTest">
    <failure type="junit.framework.AssertionFailedError" message="expected:&amp;lt;0&amp;gt; but was:&amp;lt;6&amp;gt;">
      <![CDATA[junit.framework.AssertionFailedError: expected:<0> but was:<6>
at junit.framework.Assert.fail(Assert.java:57)
at junit.framework.Assert.failNotEquals(Assert.java:329)
at junit.framework.Assert.assertEquals(Assert.java:78)
at junit.framework.Assert.assertEquals(Assert.java:234)
at junit.framework.Assert.assertEquals(Assert.java:241)
at com.mobius.pagetest.HomePageTest.FirstDepostbonuspage(HomePageTest.java:226)
at java.util.concurrent.ThreadPoolExecutor.runWorker(Unknown Source)
at java.util.concurrent.ThreadPoolExecutor$Worker.run(Unknown Source)
at java.lang.Thread.run(Unknown Source)
... Removed 10 stack frames]]>
    </failure>
  </testcase> <!-- FirstDepostbonuspage -->
  <testcase name="Surproseofferpage" time="39.0" classname="com.mobius.pagetest.HomePageTest">
    <failure type="junit.framework.AssertionFailedError" message="expected:&amp;lt;0&amp;gt; but was:&amp;lt;6&amp;gt;">
      <![CDATA[junit.framework.AssertionFailedError: expected:<0> but was:<6>
at junit.framework.Assert.fail(Assert.java:57)
at junit.framework.Assert.failNotEquals(Assert.java:329)
at junit.framework.Assert.assertEquals(Assert.java:78)
at junit.framework.Assert.assertEquals(Assert.java:234)
at junit.framework.Assert.assertEquals(Assert.java:241)
at com.mobius.pagetest.HomePageTest.Surproseofferpage(HomePageTest.java:254)
at java.util.concurrent.ThreadPoolExecutor.runWorker(Unknown Source)
at java.util.concurrent.ThreadPoolExecutor$Worker.run(Unknown Source)
at java.lang.Thread.run(Unknown Source)
... Removed 10 stack frames]]>
    </failure>
  </testcase> <!-- Surproseofferpage -->
  <testcase name="HappyHourpage" time="36.282" classname="com.mobius.pagetest.HomePageTest">
    <failure type="junit.framework.AssertionFailedError" message="expected:&amp;lt;0&amp;gt; but was:&amp;lt;6&amp;gt;">
      <![CDATA[junit.framework.AssertionFailedError: expected:<0> but was:<6>
at junit.framework.Assert.fail(Assert.java:57)
at junit.framework.Assert.failNotEquals(Assert.java:329)
at junit.framework.Assert.assertEquals(Assert.java:78)
at junit.framework.Assert.assertEquals(Assert.java:234)
at junit.framework.Assert.assertEquals(Assert.java:241)
at com.mobius.pagetest.HomePageTest.HappyHourpage(HomePageTest.java:268)
at java.util.concurrent.ThreadPoolExecutor.runWorker(Unknown Source)
at java.util.concurrent.ThreadPoolExecutor$Worker.run(Unknown Source)
at java.lang.Thread.run(Unknown Source)
... Removed 10 stack frames]]>
    </failure>
  </testcase> <!-- HappyHourpage -->
  <testcase name="PowerPlayofferPage" time="32.998" classname="com.mobius.pagetest.HomePageTest">
    <failure type="junit.framework.AssertionFailedError" message="expected:&amp;lt;0&amp;gt; but was:&amp;lt;6&amp;gt;">
      <![CDATA[junit.framework.AssertionFailedError: expected:<0> but was:<6>
at junit.framework.Assert.fail(Assert.java:57)
at junit.framework.Assert.failNotEquals(Assert.java:329)
at junit.framework.Assert.assertEquals(Assert.java:78)
at junit.framework.Assert.assertEquals(Assert.java:234)
at junit.framework.Assert.assertEquals(Assert.java:241)
at com.mobius.pagetest.HomePageTest.PowerPlayofferPage(HomePageTest.java:282)
at java.util.concurrent.ThreadPoolExecutor.runWorker(Unknown Source)
at java.util.concurrent.ThreadPoolExecutor$Worker.run(Unknown Source)
at java.lang.Thread.run(Unknown Source)
... Removed 10 stack frames]]>
    </failure>
  </testcase> <!-- PowerPlayofferPage -->
  <testcase name="SecondDepostbonuspage" time="41.357" classname="com.mobius.pagetest.HomePageTest">
    <failure type="junit.framework.AssertionFailedError" message="expected:&amp;lt;0&amp;gt; but was:&amp;lt;6&amp;gt;">
      <![CDATA[junit.framework.AssertionFailedError: expected:<0> but was:<6>
at junit.framework.Assert.fail(Assert.java:57)
at junit.framework.Assert.failNotEquals(Assert.java:329)
at junit.framework.Assert.assertEquals(Assert.java:78)
at junit.framework.Assert.assertEquals(Assert.java:234)
at junit.framework.Assert.assertEquals(Assert.java:241)
at com.mobius.pagetest.HomePageTest.SecondDepostbonuspage(HomePageTest.java:240)
at java.util.concurrent.ThreadPoolExecutor.runWorker(Unknown Source)
at java.util.concurrent.ThreadPoolExecutor$Worker.run(Unknown Source)
at java.lang.Thread.run(Unknown Source)
... Removed 10 stack frames]]>
    </failure>
  </testcase> <!-- SecondDepostbonuspage -->
</testsuite> <!-- Test -->
